Using pre-set license
Built from '2020.2/staging' branch; Version is '2020.2.5f1 (e2c53f129de5) revision 14861631'; Using compiler version '192528614'; Build Type 'Release'
OS: 'Windows 10 Home; OS build 19043.1110; Version 2009; 64bit' Language: 'en' Physical Memory: 16230 MB
BatchMode: 1, IsHumanControllingUs: 0, StartBugReporterOnCrash: 0, Is64bit: 1, IsPro: 0

 COMMAND LINE ARGUMENTS:
C:\Program Files\Unity\Hub\Editor\2020.2.5f1\Editor\Unity.exe
-adb2
-batchMode
-noUpm
-name
AssetImportWorker0
-projectPath
D:/GitHub/PokemonSclicer/PokemonSlicer
-logFile
Logs/AssetImportWorker0.log
-srvPort
62098
Successfully changed project path to: D:/GitHub/PokemonSclicer/PokemonSlicer
D:/GitHub/PokemonSclicer/PokemonSlicer
Using Asset Import Pipeline V2.
Refreshing native plugins compatible for Editor in 31.62 ms, found 1 plugins.
Preloading 0 native plugins for Editor in 0.00 ms.
Initialize engine version: 2020.2.5f1 (e2c53f129de5)
[Subsystems] Discovering subsystems at path C:/Program Files/Unity/Hub/Editor/2020.2.5f1/Editor/Data/Resources/UnitySubsystems
[Subsystems] Discovering subsystems at path D:/GitHub/PokemonSclicer/PokemonSlicer/Assets
GfxDevice: creating device client; threaded=0
Direct3D:
    Version:  Direct3D 11.0 [level 11.1]
    Renderer: NVIDIA GeForce GTX 1060 (ID=0x1c20)
    Vendor:   
    VRAM:     6052 MB
    Driver:   24.21.13.9901
Initialize mono
Mono path[0] = 'C:/Program Files/Unity/Hub/Editor/2020.2.5f1/Editor/Data/Managed'
Mono path[1] = 'C:/Program Files/Unity/Hub/Editor/2020.2.5f1/Editor/Data/MonoBleedingEdge/lib/mono/unityjit'
Mono config path = 'C:/Program Files/Unity/Hub/Editor/2020.2.5f1/Editor/Data/MonoBleedingEdge/etc'
Using monoOptions --debugger-agent=transport=dt_socket,embedding=1,server=y,suspend=n,address=127.0.0.1:56716
Begin MonoManager ReloadAssembly
Registering precompiled unity dll's ...
Register platform support module: C:/Program Files/Unity/Hub/Editor/2020.2.5f1/Editor/Data/PlaybackEngines/WindowsStandaloneSupport/UnityEditor.WindowsStandalone.Extensions.dll
Registered in 0.002016 seconds.
Native extension for WindowsStandalone target not found
Refreshing native plugins compatible for Editor in 31.02 ms, found 1 plugins.
Preloading 0 native plugins for Editor in 0.00 ms.
Invoked RoslynAnalysisRunner static constructor.
RoslynAnalysisRunner will not be running.
RoslynAnalysisRunner has terminated.
Mono: successfully reloaded assembly
- Completed reload, in  1.285 seconds
Platform modules already initialized, skipping
Registering precompiled user dll's ...
Registered in 0.000842 seconds.
Begin MonoManager ReloadAssembly
Native extension for WindowsStandalone target not found
Refreshing native plugins compatible for Editor in 32.59 ms, found 1 plugins.
Preloading 0 native plugins for Editor in 0.00 ms.
Invoked RoslynAnalysisRunner static constructor.
RoslynAnalysisRunner will not be running.
RoslynAnalysisRunner has terminated.
Mono: successfully reloaded assembly
- Completed reload, in  0.933 seconds
Platform modules already initialized, skipping
========================================================================
Worker process is ready to serve import requests
Launched and connected shader compiler UnityShaderCompiler.exe after 0.06 seconds
Refreshing native plugins compatible for Editor in 0.64 ms, found 1 plugins.
Preloading 0 native plugins for Editor in 0.00 ms.
Unloading 1798 Unused Serialized files (Serialized files now loaded: 0)
System memory in use before: 84.4 MB.
System memory in use after: 84.3 MB.

Unloading 24 unused Assets to reduce memory usage. Loaded Objects now: 2239.
Total: 4.840200 ms (FindLiveObjects: 1.580400 ms CreateObjectMapping: 0.133400 ms MarkObjects: 2.972800 ms  DeleteObjects: 0.151800 ms)

========================================================================
Received Import Request.
  path: Assets/PokemonNameList.cs
  artifactKey: Guid(a5b87534ba2594f4c929d34468cb60f9) Importer(815301076,1909f56bfc062723c751e8b465ee728b)
Start importing Assets/PokemonNameList.cs using Guid(a5b87534ba2594f4c929d34468cb60f9) Importer(815301076,1909f56bfc062723c751e8b465ee728b)  -> (artifact id: '1a4296395aee7ac6f896e52b15460f27') in 0.035132 seconds
  Import took 0.037984 seconds .

========================================================================
Received Prepare
Registering precompiled user dll's ...
Registered in 0.000879 seconds.
Begin MonoManager ReloadAssembly
Native extension for WindowsStandalone target not found
Refreshing native plugins compatible for Editor in 0.32 ms, found 1 plugins.
Preloading 0 native plugins for Editor in 0.00 ms.
Invoked RoslynAnalysisRunner static constructor.
RoslynAnalysisRunner will not be running.
RoslynAnalysisRunner has terminated.
Mono: successfully reloaded assembly
- Completed reload, in  0.853 seconds
Platform modules already initialized, skipping
Refreshing native plugins compatible for Editor in 0.32 ms, found 1 plugins.
Preloading 0 native plugins for Editor in 0.00 ms.
Unloading 1793 Unused Serialized files (Serialized files now loaded: 0)
System memory in use before: 84.3 MB.
System memory in use after: 84.3 MB.

Unloading 12 unused Assets to reduce memory usage. Loaded Objects now: 2242.
Total: 2.074100 ms (FindLiveObjects: 0.187100 ms CreateObjectMapping: 0.067000 ms MarkObjects: 1.723200 ms  DeleteObjects: 0.096000 ms)

========================================================================
Received Import Request.
  Time since last request: 796.806408 seconds.
  path: Assets/OrganizePokemonArt.cs
  artifactKey: Guid(8440d1ecae30d9f44a7e944c1291abef) Importer(815301076,1909f56bfc062723c751e8b465ee728b)
Start importing Assets/OrganizePokemonArt.cs using Guid(8440d1ecae30d9f44a7e944c1291abef) Importer(815301076,1909f56bfc062723c751e8b465ee728b)  -> (artifact id: 'd1471ac24f06e67541bc224ae2ee6f90') in 0.007466 seconds
  Import took 0.010184 seconds .

========================================================================
Received Prepare
Registering precompiled user dll's ...
Registered in 0.000842 seconds.
Begin MonoManager ReloadAssembly
Native extension for WindowsStandalone target not found
Refreshing native plugins compatible for Editor in 0.32 ms, found 1 plugins.
Preloading 0 native plugins for Editor in 0.00 ms.
Invoked RoslynAnalysisRunner static constructor.
RoslynAnalysisRunner will not be running.
RoslynAnalysisRunner has terminated.
Mono: successfully reloaded assembly
- Completed reload, in  0.860 seconds
Platform modules already initialized, skipping
Refreshing native plugins compatible for Editor in 0.31 ms, found 1 plugins.
Preloading 0 native plugins for Editor in 0.00 ms.
Unloading 1793 Unused Serialized files (Serialized files now loaded: 0)
System memory in use before: 84.4 MB.
System memory in use after: 84.4 MB.

Unloading 12 unused Assets to reduce memory usage. Loaded Objects now: 2245.
Total: 1.933200 ms (FindLiveObjects: 0.144200 ms CreateObjectMapping: 0.056000 ms MarkObjects: 1.644200 ms  DeleteObjects: 0.088100 ms)

========================================================================
Received Prepare
Registering precompiled user dll's ...
Registered in 0.001019 seconds.
Begin MonoManager ReloadAssembly
Native extension for WindowsStandalone target not found
Refreshing native plugins compatible for Editor in 0.41 ms, found 1 plugins.
Preloading 0 native plugins for Editor in 0.00 ms.
Invoked RoslynAnalysisRunner static constructor.
RoslynAnalysisRunner will not be running.
RoslynAnalysisRunner has terminated.
Mono: successfully reloaded assembly
- Completed reload, in  0.874 seconds
Platform modules already initialized, skipping
Refreshing native plugins compatible for Editor in 0.33 ms, found 1 plugins.
Preloading 0 native plugins for Editor in 0.00 ms.
Unloading 1793 Unused Serialized files (Serialized files now loaded: 0)
System memory in use before: 84.4 MB.
System memory in use after: 84.4 MB.

Unloading 12 unused Assets to reduce memory usage. Loaded Objects now: 2248.
Total: 2.132800 ms (FindLiveObjects: 0.295200 ms CreateObjectMapping: 0.150500 ms MarkObjects: 1.584800 ms  DeleteObjects: 0.100700 ms)

========================================================================
Received Prepare
Registering precompiled user dll's ...
Registered in 0.001502 seconds.
Begin MonoManager ReloadAssembly
Native extension for WindowsStandalone target not found
Refreshing native plugins compatible for Editor in 0.31 ms, found 1 plugins.
Preloading 0 native plugins for Editor in 0.00 ms.
Invoked RoslynAnalysisRunner static constructor.
RoslynAnalysisRunner will not be running.
RoslynAnalysisRunner has terminated.
Mono: successfully reloaded assembly
- Completed reload, in  0.846 seconds
Platform modules already initialized, skipping
Refreshing native plugins compatible for Editor in 0.32 ms, found 1 plugins.
Preloading 0 native plugins for Editor in 0.00 ms.
Unloading 1793 Unused Serialized files (Serialized files now loaded: 0)
System memory in use before: 84.4 MB.
System memory in use after: 84.4 MB.

Unloading 12 unused Assets to reduce memory usage. Loaded Objects now: 2251.
Total: 2.211600 ms (FindLiveObjects: 0.173400 ms CreateObjectMapping: 0.060600 ms MarkObjects: 1.885900 ms  DeleteObjects: 0.091000 ms)

========================================================================
Received Prepare
Registering precompiled user dll's ...
Registered in 0.000985 seconds.
Begin MonoManager ReloadAssembly
Native extension for WindowsStandalone target not found
Refreshing native plugins compatible for Editor in 0.31 ms, found 1 plugins.
Preloading 0 native plugins for Editor in 0.00 ms.
Invoked RoslynAnalysisRunner static constructor.
RoslynAnalysisRunner will not be running.
RoslynAnalysisRunner has terminated.
Mono: successfully reloaded assembly
- Completed reload, in  0.864 seconds
Platform modules already initialized, skipping
Refreshing native plugins compatible for Editor in 0.32 ms, found 1 plugins.
Preloading 0 native plugins for Editor in 0.00 ms.
Unloading 1793 Unused Serialized files (Serialized files now loaded: 0)
System memory in use before: 84.4 MB.
System memory in use after: 84.4 MB.

Unloading 12 unused Assets to reduce memory usage. Loaded Objects now: 2254.
Total: 2.424000 ms (FindLiveObjects: 0.332600 ms CreateObjectMapping: 0.110800 ms MarkObjects: 1.879100 ms  DeleteObjects: 0.100500 ms)

========================================================================
Received Import Request.
  Time since last request: 1229.828958 seconds.
  path: Assets/Gen1Sprite.png
  artifactKey: Guid(dbee6c7c34171c345b7d0025be2de014) Importer(815301076,1909f56bfc062723c751e8b465ee728b)
Start importing Assets/Gen1Sprite.png using Guid(dbee6c7c34171c345b7d0025be2de014) Importer(815301076,1909f56bfc062723c751e8b465ee728b)  -> (artifact id: '152f87549e17476c5ef72fc76ea1ac5e') in 2.475708 seconds
  Import took 2.489485 seconds .

========================================================================
Received Import Request.
  Time since last request: 410.910027 seconds.
  path: Assets/Gen1Sprite.png
  artifactKey: Guid(dbee6c7c34171c345b7d0025be2de014) Importer(815301076,1909f56bfc062723c751e8b465ee728b)
Start importing Assets/Gen1Sprite.png using Guid(dbee6c7c34171c345b7d0025be2de014) Importer(815301076,1909f56bfc062723c751e8b465ee728b)  -> (artifact id: 'b92a3c576c25182c3fa34f01eac7dad9') in 2.950910 seconds
  Import took 2.964932 seconds .

========================================================================
Received Prepare
Registering precompiled user dll's ...
Registered in 0.001311 seconds.
Begin MonoManager ReloadAssembly
Native extension for WindowsStandalone target not found
Refreshing native plugins compatible for Editor in 0.32 ms, found 1 plugins.
Preloading 0 native plugins for Editor in 0.00 ms.
Invoked RoslynAnalysisRunner static constructor.
RoslynAnalysisRunner will not be running.
RoslynAnalysisRunner has terminated.
Mono: successfully reloaded assembly
- Completed reload, in  0.876 seconds
Platform modules already initialized, skipping
Refreshing native plugins compatible for Editor in 0.32 ms, found 1 plugins.
Preloading 0 native plugins for Editor in 0.00 ms.
Unloading 1793 Unused Serialized files (Serialized files now loaded: 0)
System memory in use before: 88.5 MB.
System memory in use after: 88.5 MB.

Unloading 12 unused Assets to reduce memory usage. Loaded Objects now: 2268.
Total: 1.943800 ms (FindLiveObjects: 0.164400 ms CreateObjectMapping: 0.058600 ms MarkObjects: 1.628500 ms  DeleteObjects: 0.091400 ms)

========================================================================
Received Import Request.
  Time since last request: 190.452198 seconds.
  path: Assets/Gen1Sprite.png
  artifactKey: Guid(dbee6c7c34171c345b7d0025be2de014) Importer(815301076,1909f56bfc062723c751e8b465ee728b)
Start importing Assets/Gen1Sprite.png using Guid(dbee6c7c34171c345b7d0025be2de014) Importer(815301076,1909f56bfc062723c751e8b465ee728b)  -> (artifact id: '53aa29667efb6bb813ec253120156af2') in 2.947360 seconds
  Import took 2.960322 seconds .

========================================================================
Received Prepare
Registering precompiled user dll's ...
Registered in 0.000968 seconds.
Begin MonoManager ReloadAssembly
Native extension for WindowsStandalone target not found
Refreshing native plugins compatible for Editor in 0.40 ms, found 1 plugins.
Preloading 0 native plugins for Editor in 0.00 ms.
Invoked RoslynAnalysisRunner static constructor.
RoslynAnalysisRunner will not be running.
RoslynAnalysisRunner has terminated.
Mono: successfully reloaded assembly
- Completed reload, in  0.854 seconds
Platform modules already initialized, skipping
Refreshing native plugins compatible for Editor in 0.34 ms, found 1 plugins.
Preloading 0 native plugins for Editor in 0.00 ms.
Unloading 1793 Unused Serialized files (Serialized files now loaded: 0)
System memory in use before: 88.6 MB.
System memory in use after: 88.6 MB.

Unloading 12 unused Assets to reduce memory usage. Loaded Objects now: 2272.
Total: 2.232900 ms (FindLiveObjects: 0.334100 ms CreateObjectMapping: 0.097700 ms MarkObjects: 1.700100 ms  DeleteObjects: 0.099800 ms)

========================================================================
Received Import Request.
  Time since last request: 778.229267 seconds.
  path: Assets/Gen1Sprite.png
  artifactKey: Guid(dbee6c7c34171c345b7d0025be2de014) Importer(815301076,1909f56bfc062723c751e8b465ee728b)
Start importing Assets/Gen1Sprite.png using Guid(dbee6c7c34171c345b7d0025be2de014) Importer(815301076,1909f56bfc062723c751e8b465ee728b)  -> (artifact id: 'eb3e1f1bba39b66710004080295d37ab') in 2.936671 seconds
  Import took 2.950166 seconds .

========================================================================
Received Prepare
Registering precompiled user dll's ...
Registered in 0.000880 seconds.
Begin MonoManager ReloadAssembly
Native extension for WindowsStandalone target not found
Refreshing native plugins compatible for Editor in 0.31 ms, found 1 plugins.
Preloading 0 native plugins for Editor in 0.00 ms.
Invoked RoslynAnalysisRunner static constructor.
RoslynAnalysisRunner will not be running.
RoslynAnalysisRunner has terminated.
Mono: successfully reloaded assembly
- Completed reload, in  0.848 seconds
Platform modules already initialized, skipping
Refreshing native plugins compatible for Editor in 0.32 ms, found 1 plugins.
Preloading 0 native plugins for Editor in 0.00 ms.
Unloading 1793 Unused Serialized files (Serialized files now loaded: 0)
System memory in use before: 89.0 MB.
System memory in use after: 89.0 MB.

Unloading 12 unused Assets to reduce memory usage. Loaded Objects now: 2276.
Total: 1.915500 ms (FindLiveObjects: 0.162100 ms CreateObjectMapping: 0.058100 ms MarkObjects: 1.599700 ms  DeleteObjects: 0.094800 ms)

========================================================================
Received Import Request.
  Time since last request: 185.706328 seconds.
  path: Assets/Gen1Sprite.png
  artifactKey: Guid(dbee6c7c34171c345b7d0025be2de014) Importer(815301076,1909f56bfc062723c751e8b465ee728b)
Start importing Assets/Gen1Sprite.png using Guid(dbee6c7c34171c345b7d0025be2de014) Importer(815301076,1909f56bfc062723c751e8b465ee728b)  -> (artifact id: '1b52a1c82e7874e5adabb49163318de9') in 2.874288 seconds
  Import took 2.887519 seconds .

========================================================================
Received Import Request.
  Time since last request: 335.871733 seconds.
  path: Assets/Gen2Sprite.png
  artifactKey: Guid(fe422ca25d3c1114cb35e30d7df9fd0d) Importer(815301076,1909f56bfc062723c751e8b465ee728b)
Start importing Assets/Gen2Sprite.png using Guid(fe422ca25d3c1114cb35e30d7df9fd0d) Importer(815301076,1909f56bfc062723c751e8b465ee728b)  -> (artifact id: '7acafa033dec21e769e4c36ca0f7f89f') in 0.035954 seconds
  Import took 0.039098 seconds .

========================================================================
Received Import Request.
  Time since last request: 57.718263 seconds.
  path: Assets/Gen2Sprite.png
  artifactKey: Guid(fe422ca25d3c1114cb35e30d7df9fd0d) Importer(815301076,1909f56bfc062723c751e8b465ee728b)
Start importing Assets/Gen2Sprite.png using Guid(fe422ca25d3c1114cb35e30d7df9fd0d) Importer(815301076,1909f56bfc062723c751e8b465ee728b)  -> (artifact id: '55dc7f1f8e4081df0a5aa180c51f6734') in 1.310690 seconds
  Import took 1.319655 seconds .

========================================================================
Received Import Request.
  Time since last request: 622.593874 seconds.
  path: Assets/Gen2Sprite.png
  artifactKey: Guid(fe422ca25d3c1114cb35e30d7df9fd0d) Importer(815301076,1909f56bfc062723c751e8b465ee728b)
Start importing Assets/Gen2Sprite.png using Guid(fe422ca25d3c1114cb35e30d7df9fd0d) Importer(815301076,1909f56bfc062723c751e8b465ee728b)  -> (artifact id: '50215a7f3ff431b00459ebcba9e012d6') in 2.055235 seconds
  Import took 2.066408 seconds .

========================================================================
Received Import Request.
  Time since last request: 10413.343942 seconds.
  path: Assets/Gen2Sprite.png
  artifactKey: Guid(fe422ca25d3c1114cb35e30d7df9fd0d) Importer(815301076,1909f56bfc062723c751e8b465ee728b)
Start importing Assets/Gen2Sprite.png using Guid(fe422ca25d3c1114cb35e30d7df9fd0d) Importer(815301076,1909f56bfc062723c751e8b465ee728b)  -> (artifact id: '3fbd76588782b46a1ba2bee558e91786') in 2.192717 seconds
  Import took 2.235729 seconds .

========================================================================
Received Import Request.
  Time since last request: 526.680387 seconds.
  path: Assets/Gen2Sprite.png
  artifactKey: Guid(fe422ca25d3c1114cb35e30d7df9fd0d) Importer(815301076,1909f56bfc062723c751e8b465ee728b)
Start importing Assets/Gen2Sprite.png using Guid(fe422ca25d3c1114cb35e30d7df9fd0d) Importer(815301076,1909f56bfc062723c751e8b465ee728b) 