Using pre-set license
Built from '2020.2/staging' branch; Version is '2020.2.5f1 (e2c53f129de5) revision 14861631'; Using compiler version '192528614'; Build Type 'Release'
OS: 'Windows 10 Home; OS build 19043.1110; Version 2009; 64bit' Language: 'en' Physical Memory: 16230 MB
BatchMode: 1, IsHumanControllingUs: 0, StartBugReporterOnCrash: 0, Is64bit: 1, IsPro: 0

 COMMAND LINE ARGUMENTS:
C:\Program Files\Unity\Hub\Editor\2020.2.5f1\Editor\Unity.exe
-adb2
-batchMode
-noUpm
-name
AssetImportWorker0
-projectPath
D:/GitHub/PokemonSclicer/PokemonSlicer
-logFile
Logs/AssetImportWorker0.log
-srvPort
56111
Successfully changed project path to: D:/GitHub/PokemonSclicer/PokemonSlicer
D:/GitHub/PokemonSclicer/PokemonSlicer
Using Asset Import Pipeline V2.
Refreshing native plugins compatible for Editor in 33.14 ms, found 1 plugins.
Preloading 0 native plugins for Editor in 0.00 ms.
Initialize engine version: 2020.2.5f1 (e2c53f129de5)
[Subsystems] Discovering subsystems at path C:/Program Files/Unity/Hub/Editor/2020.2.5f1/Editor/Data/Resources/UnitySubsystems
[Subsystems] Discovering subsystems at path D:/GitHub/PokemonSclicer/PokemonSlicer/Assets
GfxDevice: creating device client; threaded=0
Direct3D:
    Version:  Direct3D 11.0 [level 11.1]
    Renderer: NVIDIA GeForce GTX 1060 (ID=0x1c20)
    Vendor:   
    VRAM:     6052 MB
    Driver:   24.21.13.9901
Initialize mono
Mono path[0] = 'C:/Program Files/Unity/Hub/Editor/2020.2.5f1/Editor/Data/Managed'
Mono path[1] = 'C:/Program Files/Unity/Hub/Editor/2020.2.5f1/Editor/Data/MonoBleedingEdge/lib/mono/unityjit'
Mono config path = 'C:/Program Files/Unity/Hub/Editor/2020.2.5f1/Editor/Data/MonoBleedingEdge/etc'
Using monoOptions --debugger-agent=transport=dt_socket,embedding=1,server=y,suspend=n,address=127.0.0.1:56264
Begin MonoManager ReloadAssembly
Registering precompiled unity dll's ...
Register platform support module: C:/Program Files/Unity/Hub/Editor/2020.2.5f1/Editor/Data/PlaybackEngines/WindowsStandaloneSupport/UnityEditor.WindowsStandalone.Extensions.dll
Registered in 0.001973 seconds.
Native extension for WindowsStandalone target not found
Refreshing native plugins compatible for Editor in 51.46 ms, found 1 plugins.
Preloading 0 native plugins for Editor in 0.00 ms.
Invoked RoslynAnalysisRunner static constructor.
RoslynAnalysisRunner will not be running.
RoslynAnalysisRunner has terminated.
Mono: successfully reloaded assembly
- Completed reload, in  1.422 seconds
Platform modules already initialized, skipping
Registering precompiled user dll's ...
Registered in 0.000863 seconds.
Begin MonoManager ReloadAssembly
Native extension for WindowsStandalone target not found
Refreshing native plugins compatible for Editor in 35.96 ms, found 1 plugins.
Preloading 0 native plugins for Editor in 0.00 ms.
Invoked RoslynAnalysisRunner static constructor.
RoslynAnalysisRunner will not be running.
RoslynAnalysisRunner has terminated.
Mono: successfully reloaded assembly
- Completed reload, in  0.952 seconds
Platform modules already initialized, skipping
========================================================================
Worker process is ready to serve import requests
Launched and connected shader compiler UnityShaderCompiler.exe after 0.04 seconds
Refreshing native plugins compatible for Editor in 0.36 ms, found 1 plugins.
Preloading 0 native plugins for Editor in 0.00 ms.
Unloading 1798 Unused Serialized files (Serialized files now loaded: 0)
System memory in use before: 84.4 MB.
System memory in use after: 84.3 MB.

Unloading 24 unused Assets to reduce memory usage. Loaded Objects now: 2239.
Total: 2.272300 ms (FindLiveObjects: 0.181300 ms CreateObjectMapping: 0.068300 ms MarkObjects: 1.894500 ms  DeleteObjects: 0.126800 ms)

========================================================================
Received Import Request.
  path: Assets/PokemonNameList.cs
  artifactKey: Guid(a5b87534ba2594f4c929d34468cb60f9) Importer(815301076,1909f56bfc062723c751e8b465ee728b)
Start importing Assets/PokemonNameList.cs using Guid(a5b87534ba2594f4c929d34468cb60f9) Importer(815301076,1909f56bfc062723c751e8b465ee728b)  -> (artifact id: 'da51b8f1c857116e4a1490f4e6d267d9') in 0.042826 seconds
  Import took 0.045410 seconds .

========================================================================
Received Import Request.
  Time since last request: 0.000333 seconds.
  path: Assets/OrganizePokemonArt.cs
  artifactKey: Guid(8440d1ecae30d9f44a7e944c1291abef) Importer(815301076,1909f56bfc062723c751e8b465ee728b)
Start importing Assets/OrganizePokemonArt.cs using Guid(8440d1ecae30d9f44a7e944c1291abef) Importer(815301076,1909f56bfc062723c751e8b465ee728b)  -> (artifact id: '764fba9218231bf8d5026ec18725ca12') in 0.006841 seconds
  Import took 0.009208 seconds .

========================================================================
Received Prepare
Registering precompiled user dll's ...
Registered in 0.000888 seconds.
Begin MonoManager ReloadAssembly
Native extension for WindowsStandalone target not found
Refreshing native plugins compatible for Editor in 0.32 ms, found 1 plugins.
Preloading 0 native plugins for Editor in 0.00 ms.
Invoked RoslynAnalysisRunner static constructor.
RoslynAnalysisRunner will not be running.
RoslynAnalysisRunner has terminated.
Mono: successfully reloaded assembly
- Completed reload, in  0.859 seconds
Platform modules already initialized, skipping
Refreshing native plugins compatible for Editor in 0.32 ms, found 1 plugins.
Preloading 0 native plugins for Editor in 0.00 ms.
Unloading 1793 Unused Serialized files (Serialized files now loaded: 0)
System memory in use before: 84.3 MB.
System memory in use after: 84.3 MB.

Unloading 12 unused Assets to reduce memory usage. Loaded Objects now: 2242.
Total: 2.934800 ms (FindLiveObjects: 0.479200 ms CreateObjectMapping: 0.137600 ms MarkObjects: 2.144800 ms  DeleteObjects: 0.170200 ms)

========================================================================
Received Import Request.
  Time since last request: 931.340544 seconds.
  path: Assets/OrganizePokemonArt.cs
  artifactKey: Guid(8440d1ecae30d9f44a7e944c1291abef) Importer(815301076,1909f56bfc062723c751e8b465ee728b)
Start importing Assets/OrganizePokemonArt.cs using Guid(8440d1ecae30d9f44a7e944c1291abef) Importer(815301076,1909f56bfc062723c751e8b465ee728b)  -> (artifact id: 'e98fdd491f58eb22f8a8a3aeb59bf438') in 0.004119 seconds
  Import took 0.006756 seconds .

========================================================================
Received Import Request.
  Time since last request: 7.043308 seconds.
  path: Assets/READ ME.cs
  artifactKey: Guid(067ebb0a99ebb204ca0237540c5b7eca) Importer(815301076,1909f56bfc062723c751e8b465ee728b)
Start importing Assets/READ ME.cs using Guid(067ebb0a99ebb204ca0237540c5b7eca) Importer(815301076,1909f56bfc062723c751e8b465ee728b)  -> (artifact id: '94297d7796371963267a5b091d29a801') in 0.007102 seconds
  Import took 0.010087 seconds .

========================================================================
Received Prepare
Registering precompiled user dll's ...
Registered in 0.000915 seconds.
Begin MonoManager ReloadAssembly
Native extension for WindowsStandalone target not found
Refreshing native plugins compatible for Editor in 0.33 ms, found 1 plugins.
Preloading 0 native plugins for Editor in 0.00 ms.
Invoked RoslynAnalysisRunner static constructor.
RoslynAnalysisRunner will not be running.
RoslynAnalysisRunner has terminated.
Mono: successfully reloaded assembly
- Completed reload, in  0.903 seconds
Platform modules already initialized, skipping
Refreshing native plugins compatible for Editor in 0.31 ms, found 1 plugins.
Preloading 0 native plugins for Editor in 0.00 ms.
Unloading 1794 Unused Serialized files (Serialized files now loaded: 0)
System memory in use before: 84.4 MB.
System memory in use after: 84.4 MB.

Unloading 12 unused Assets to reduce memory usage. Loaded Objects now: 2246.
Total: 1.906300 ms (FindLiveObjects: 0.177200 ms CreateObjectMapping: 0.068500 ms MarkObjects: 1.566000 ms  DeleteObjects: 0.093700 ms)

========================================================================
Received Import Request.
  Time since last request: 421.264296 seconds.
  path: Assets/Gen2Sprite.png
  artifactKey: Guid(fe422ca25d3c1114cb35e30d7df9fd0d) Importer(815301076,1909f56bfc062723c751e8b465ee728b)
Start importing Assets/Gen2Sprite.png using Guid(fe422ca25d3c1114cb35e30d7df9fd0d) Importer(815301076,1909f56bfc062723c751e8b465ee728b)  -> (artifact id: 'c27070a2d580b915d6507fd4b9105c34') in 1.998071 seconds
  Import took 2.010314 seconds .

========================================================================
Received Import Request.
  Time since last request: 21.773558 seconds.
  path: Assets/Gen2Sprite.png
  artifactKey: Guid(fe422ca25d3c1114cb35e30d7df9fd0d) Importer(815301076,1909f56bfc062723c751e8b465ee728b)
Start importing Assets/Gen2Sprite.png using Guid(fe422ca25d3c1114cb35e30d7df9fd0d) Importer(815301076,1909f56bfc062723c751e8b465ee728b)  -> (artifact id: '3928f4df4911a111a486a4cab1fd499c') in 0.033770 seconds
  Import took 0.037811 seconds .

========================================================================
Received Import Request.
  Time since last request: 46.279316 seconds.
  path: Assets/Gen2Sprite.png
  artifactKey: Guid(fe422ca25d3c1114cb35e30d7df9fd0d) Importer(815301076,1909f56bfc062723c751e8b465ee728b)
Start importing Assets/Gen2Sprite.png using Guid(fe422ca25d3c1114cb35e30d7df9fd0d) Importer(815301076,1909f56bfc062723c751e8b465ee728b)  -> (artifact id: 'd8677be7ad8274bb3d089c0b9a052f73') in 1.088712 seconds
  Import took 1.096853 seconds .

========================================================================
Received Import Request.
  Time since last request: 79.367170 seconds.
  path: Assets/Gen2Sprite.png
  artifactKey: Guid(fe422ca25d3c1114cb35e30d7df9fd0d) Importer(815301076,1909f56bfc062723c751e8b465ee728b)
Start importing Assets/Gen2Sprite.png using Guid(fe422ca25d3c1114cb35e30d7df9fd0d) Importer(815301076,1909f56bfc062723c751e8b465ee728b)  -> (artifact id: '9b8d8cf637bbadf1e688754df11e6fdc') in 1.620779 seconds
  Import took 1.630259 seconds .

========================================================================
Received Import Request.
  Time since last request: 77.828725 seconds.
  path: Assets/Gen2Sprite.png
  artifactKey: Guid(fe422ca25d3c1114cb35e30d7df9fd0d) Importer(815301076,1909f56bfc062723c751e8b465ee728b)
Start importing Assets/Gen2Sprite.png using Guid(fe422ca25d3c1114cb35e30d7df9fd0d) Importer(815301076,1909f56bfc062723c751e8b465ee728b)  -> (artifact id: '41ea475c4a3758beab1b4df1c38d892d') in 2.004196 seconds
  Import took 2.013859 seconds .

========================================================================
Received Prepare
Registering precompiled user dll's ...
Registered in 0.000880 seconds.
Begin MonoManager ReloadAssembly
Native extension for WindowsStandalone target not found
Refreshing native plugins compatible for Editor in 0.33 ms, found 1 plugins.
Preloading 0 native plugins for Editor in 0.00 ms.
Invoked RoslynAnalysisRunner static constructor.
RoslynAnalysisRunner will not be running.
RoslynAnalysisRunner has terminated.
Mono: successfully reloaded assembly
- Completed reload, in  0.873 seconds
Platform modules already initialized, skipping
Refreshing native plugins compatible for Editor in 0.34 ms, found 1 plugins.
Preloading 0 native plugins for Editor in 0.00 ms.
Unloading 1794 Unused Serialized files (Serialized files now loaded: 0)
System memory in use before: 88.4 MB.
System memory in use after: 88.4 MB.

Unloading 12 unused Assets to reduce memory usage. Loaded Objects now: 2261.
Total: 2.204400 ms (FindLiveObjects: 0.216300 ms CreateObjectMapping: 0.088500 ms MarkObjects: 1.791200 ms  DeleteObjects: 0.107300 ms)

========================================================================
Received Import Request.
  Time since last request: 1030.876988 seconds.
  path: Assets/Gen1Sprite 1.png
  artifactKey: Guid(e7691ce7ab491cc4abbfa1fc1184f678) Importer(815301076,1909f56bfc062723c751e8b465ee728b)
Start importing Assets/Gen1Sprite 1.png using Guid(e7691ce7ab491cc4abbfa1fc1184f678) Importer(815301076,1909f56bfc062723c751e8b465ee728b)  -> (artifact id: 'b92800139ed454f5aa491cfec85b1971') in 0.081239 seconds
  Import took 0.085237 seconds .

========================================================================
Received Import Request.
  Time since last request: 5.599521 seconds.
  path: Assets/Gen2Sprite 1.png
  artifactKey: Guid(ce65fb16ea2e3464f92fa076b9868191) Importer(815301076,1909f56bfc062723c751e8b465ee728b)
Start importing Assets/Gen2Sprite 1.png using Guid(ce65fb16ea2e3464f92fa076b9868191) Importer(815301076,1909f56bfc062723c751e8b465ee728b)  -> (artifact id: '4f7df0d99f9862c03b62a37963de13aa') in 0.041701 seconds
  Import took 0.044618 seconds .

========================================================================
Received Import Request.
  Time since last request: 20.397313 seconds.
  path: Assets/NewBehaviourScript.cs
  artifactKey: Guid(e0a4f6da184d8e04ab5b9720e3a040ef) Importer(815301076,1909f56bfc062723c751e8b465ee728b)
Start importing Assets/NewBehaviourScript.cs using Guid(e0a4f6da184d8e04ab5b9720e3a040ef) Importer(815301076,1909f56bfc062723c751e8b465ee728b)  -> (artifact id: '147f6e8cbead569ded241750afe70301') in 0.006580 seconds
  Import took 0.009427 seconds .

========================================================================
Received Prepare
Registering precompiled user dll's ...
Registered in 0.000846 seconds.
Begin MonoManager ReloadAssembly
Native extension for WindowsStandalone target not found
Refreshing native plugins compatible for Editor in 0.31 ms, found 1 plugins.
Preloading 0 native plugins for Editor in 0.00 ms.
Invoked RoslynAnalysisRunner static constructor.
RoslynAnalysisRunner will not be running.
RoslynAnalysisRunner has terminated.
Mono: successfully reloaded assembly
- Completed reload, in  0.828 seconds
Platform modules already initialized, skipping
Refreshing native plugins compatible for Editor in 0.40 ms, found 1 plugins.
Preloading 0 native plugins for Editor in 0.00 ms.
Unloading 1795 Unused Serialized files (Serialized files now loaded: 0)
System memory in use before: 88.4 MB.
System memory in use after: 88.4 MB.

Unloading 12 unused Assets to reduce memory usage. Loaded Objects now: 2268.
Total: 2.136800 ms (FindLiveObjects: 0.185600 ms CreateObjectMapping: 0.066700 ms MarkObjects: 1.787300 ms  DeleteObjects: 0.096100 ms)

========================================================================
Received Prepare
Registering precompiled user dll's ...
Registered in 0.000888 seconds.
Begin MonoManager ReloadAssembly
Native extension for WindowsStandalone target not found
Refreshing native plugins compatible for Editor in 0.33 ms, found 1 plugins.
Preloading 0 native plugins for Editor in 0.00 ms.
Invoked RoslynAnalysisRunner static constructor.
RoslynAnalysisRunner will not be running.
RoslynAnalysisRunner has terminated.
Mono: successfully reloaded assembly
- Completed reload, in  0.838 seconds
Platform modules already initialized, skipping
Refreshing native plugins compatible for Editor in 0.31 ms, found 1 plugins.
Preloading 0 native plugins for Editor in 0.00 ms.
Unloading 1794 Unused Serialized files (Serialized files now loaded: 0)
System memory in use before: 88.4 MB.
System memory in use after: 88.4 MB.

Unloading 13 unused Assets to reduce memory usage. Loaded Objects now: 2270.
Total: 2.323400 ms (FindLiveObjects: 0.224700 ms CreateObjectMapping: 0.085500 ms MarkObjects: 1.913400 ms  DeleteObjects: 0.098800 ms)

========================================================================
Received Import Request.
  Time since last request: 21.215004 seconds.
  path: Assets/TestSprites
  artifactKey: Guid(5fa2abc28f28f7b448b40fff50b2872a) Importer(815301076,1909f56bfc062723c751e8b465ee728b)
Start importing Assets/TestSprites using Guid(5fa2abc28f28f7b448b40fff50b2872a) Importer(815301076,1909f56bfc062723c751e8b465ee728b)  -> (artifact id: 'f8f2908dec082e3d92718fe83102d81d') in 0.007662 seconds
  Import took 0.010771 seconds .

========================================================================
Received Import Request.
  Time since last request: 0.004355 seconds.
  path: Assets/TestSprites
  artifactKey: Guid(5fa2abc28f28f7b448b40fff50b2872a) Importer(815301076,1909f56bfc062723c751e8b465ee728b)
Start importing Assets/TestSprites using Guid(5fa2abc28f28f7b448b40fff50b2872a) Importer(815301076,1909f56bfc062723c751e8b465ee728b)  -> (artifact id: 'f8f2908dec082e3d92718fe83102d81d') in 0.273858 seconds
  Import took 0.276829 seconds .

========================================================================
Received Import Request.
  Time since last request: 8.574730 seconds.
  path: Assets/TestSprites/Unknown.png
  artifactKey: Guid(0b78f3b35e6cb47419d943fbbbde113d) Importer(815301076,1909f56bfc062723c751e8b465ee728b)
Start importing Assets/TestSprites/Unknown.png using Guid(0b78f3b35e6cb47419d943fbbbde113d) Importer(815301076,1909f56bfc062723c751e8b465ee728b)  -> (artifact id: '4360934458cb1427466989313c1aee66') in 0.066285 seconds
  Import took 0.068998 seconds .

========================================================================
Received Import Request.
  Time since last request: 34.218421 seconds.
  path: Assets/TestSprites/Gen1Sprite.png
  artifactKey: Guid(e7691ce7ab491cc4abbfa1fc1184f678) Importer(815301076,1909f56bfc062723c751e8b465ee728b)
Start importing Assets/TestSprites/Gen1Sprite.png using Guid(e7691ce7ab491cc4abbfa1fc1184f678) Importer(815301076,1909f56bfc062723c751e8b465ee728b)  -> (artifact id: '63696399a268690e0b3bed361ca5c81f') in 0.047059 seconds
  Import took 0.051805 seconds .

========================================================================
Received Import Request.
  Time since last request: 19.245059 seconds.
  path: Assets/TestSprites/Gen1Spri.png
  artifactKey: Guid(e7691ce7ab491cc4abbfa1fc1184f678) Importer(815301076,1909f56bfc062723c751e8b465ee728b)
Start importing Assets/TestSprites/Gen1Spri.png using Guid(e7691ce7ab491cc4abbfa1fc1184f678) Importer(815301076,1909f56bfc062723c751e8b465ee728b)  -> (artifact id: 'cf9a1e26d5d886080585d20446fc5d91') in 0.042961 seconds
  Import took 0.047281 seconds .

========================================================================
Received Import Request.
  Time since last request: 23.382334 seconds.
  path: Assets/TestSprites/Gen2Sprite.png
  artifactKey: Guid(ce65fb16ea2e3464f92fa076b9868191) Importer(815301076,1909f56bfc062723c751e8b465ee728b)
Start importing Assets/TestSprites/Gen2Sprite.png using Guid(ce65fb16ea2e3464f92fa076b9868191) Importer(815301076,1909f56bfc062723c751e8b465ee728b)  -> (artifact id: 'ff379fb64fed03e50317df774a65cc23') in 0.025548 seconds
  Import took 0.028669 seconds .

========================================================================
Received Import Request.
  Time since last request: 59.945704 seconds.
  path: Assets/READ ME.cs
  artifactKey: Guid(067ebb0a99ebb204ca0237540c5b7eca) Importer(815301076,1909f56bfc062723c751e8b465ee728b)
Start importing Assets/READ ME.cs using Guid(067ebb0a99ebb204ca0237540c5b7eca) Importer(815301076,1909f56bfc062723c751e8b465ee728b)  -> (artifact id: '06c7d99e752d57e9efa88defd4d0e958') in 0.001999 seconds
  Import took 0.004810 seconds .

========================================================================
Received Import Request.
  Time since last request: 0.003504 seconds.
  path: Assets/READ ME.cs
  artifactKey: Guid(067ebb0a99ebb204ca0237540c5b7eca) Importer(815301076,1909f56bfc062723c751e8b465ee728b)
Start importing Assets/READ ME.cs using Guid(067ebb0a99ebb204ca0237540c5b7eca) Importer(815301076,1909f56bfc062723c751e8b465ee728b)  -> (artifact id: '06c7d99e752d57e9efa88defd4d0e958') in 0.002053 seconds
  Import took 0.004901 seconds .

========================================================================
Received Prepare
Registering precompiled user dll's ...
Registered in 0.000856 seconds.
Begin MonoManager ReloadAssembly
Native extension for WindowsStandalone target not found
Refreshing native plugins compatible for Editor in 0.33 ms, found 1 plugins.
Preloading 0 native plugins for Editor in 0.00 ms.
Invoked RoslynAnalysisRunner static constructor.
RoslynAnalysisRunner will not be running.
RoslynAnalysisRunner has terminated.
Mono: successfully reloaded assembly
- Completed reload, in  0.852 seconds
Platform modules already initialized, skipping
Refreshing native plugins compatible for Editor in 0.33 ms, found 1 plugins.
Preloading 0 native plugins for Editor in 0.00 ms.
Unloading 1794 Unused Serialized files (Serialized files now loaded: 0)
System memory in use before: 88.4 MB.
System memory in use after: 88.4 MB.

Unloading 12 unused Assets to reduce memory usage. Loaded Objects now: 2276.
Total: 2.266600 ms (FindLiveObjects: 0.157900 ms CreateObjectMapping: 0.061400 ms MarkObjects: 1.943200 ms  DeleteObjects: 0.102800 ms)

========================================================================
Received Import Request.
  Time since last request: 80.596216 seconds.
  path: Assets/READ ME.cs
  artifactKey: Guid(067ebb0a99ebb204ca0237540c5b7eca) Importer(815301076,1909f56bfc062723c751e8b465ee728b)
Start importing Assets/READ ME.cs using Guid(067ebb0a99ebb204ca0237540c5b7eca) Importer(815301076,1909f56bfc062723c751e8b465ee728b)  -> (artifact id: '10761e39ea67b70bd7a3f8b31c4ccdc2') in 0.003883 seconds
  Import took 0.006742 seconds .

AssetImportWorkerClient::OnTransportError - code=2 error=End of file
